<?xml version="1.0" encoding="UTF-8" ?>
<testsuites errors="0"
            failures="2"
            tests="1">

  <testsuite name="unosquare_assert_verify"
    errors="0" failures="2" hostname="" id="" package="unosquare_assert_verify" skipped="0"
    tests="1" time="12.79" timestamp="">
  
    <testcase name="Demo test unosquare" classname="unosquare_assert_verify" time="12.79" assertions="3">

      <failure message="Testing if element &lt;nav-icon&gt; is visible in 5000ms - expected &#34;is visible&#34; but got: &#34;element could not be located&#34; (5133ms)">    at Demo test unosquare (/Users/efrain.martinez/Documents/Unosquare/Tests/unosquare_assert_verify.js:7:15)</failure>

      <failure message="Testing if element &lt;gLFyf&gt; is visible in 5000ms - expected &#34;is visible&#34; but got: &#34;element could not be located&#34; (5112ms)">    at Demo test unosquare (/Users/efrain.martinez/Documents/Unosquare/Tests/unosquare_assert_verify.js:9:15)</failure>

    
    </testcase>
  

  

    

  
  </testsuite>
</testsuites>
